<?xml version="1.0" encoding="UTF-8"?>
<!-- Generated by org.testng.reporters.JUnitReportReporter -->
<testsuite hostname="MSI" failures="0" tests="6" name="TestScriptss.RegisterTest" time="39.139" errors="0" timestamp="2024-07-24T06:10:11 IST" skipped="0">
  <testcase classname="TestScriptss.RegisterTest" name="register_001" time="7.004"/>
  <testcase classname="TestScriptss.RegisterTest" name="register_001" time="6.848"/>
  <testcase classname="TestScriptss.RegisterTest" name="register_001" time="6.150"/>
  <testcase classname="TestScriptss.RegisterTest" name="register_001" time="6.975"/>
  <testcase classname="TestScriptss.RegisterTest" name="register_001" time="6.046"/>
  <testcase classname="TestScriptss.RegisterTest" name="register_001" time="6.116"/>
</testsuite> <!-- TestScriptss.RegisterTest -->
